#
# There is insufficient memory for the Java Runtime Environment to continue.
# Native memory allocation (malloc) failed to allocate 1048576 bytes for AllocateHeap
# Possible reasons:
#   The system is out of physical RAM or swap space
#   The process is running with CompressedOops enabled, and the Java Heap may be blocking the growth of the native heap
# Possible solutions:
#   Reduce memory load on the system
#   Increase physical memory or swap space
#   Check if swap backing store is full
#   Decrease Java heap size (-Xmx/-Xms)
#   Decrease number of Java threads
#   Decrease Java thread stack sizes (-Xss)
#   Set larger code cache with -XX:ReservedCodeCacheSize=
#   JVM is running with Unscaled Compressed Oops mode in which the Java heap is
#     placed in the first 4GB address space. The Java Heap base address is the
#     maximum limit for the native heap growth. Please use -XX:HeapBaseMinAddress
#     to set the Java Heap base and to place the Java Heap above 4GB virtual address.
# This output file may be truncated or incomplete.
#
#  Out of Memory Error (memory/allocation.inline.hpp:61), pid=4964, tid=0x0000000000004db4
#
# JRE version:  (8.0_301-b09) (build )
# Java VM: Java HotSpot(TM) 64-Bit Server VM (25.301-b09 mixed mode windows-amd64 compressed oops)
# Failed to write core dump. Minidumps are not enabled by default on client versions of Windows
#

---------------  T H R E A D  ---------------

Current thread (0x000000894ebfd000):  JavaThread "Unknown thread" [_thread_in_vm, id=19892, stack(0x00000089503e0000,0x00000089504e0000)]

Stack: [0x00000089503e0000,0x00000089504e0000]
Native frames: (J=compiled Java code, j=interpreted, Vv=VM code, C=native code)
V  [jvm.dll+0x32ed79]
V  [jvm.dll+0x275722]
V  [jvm.dll+0x2763cd]
V  [jvm.dll+0x26ce05]
V  [jvm.dll+0x509d]
V  [jvm.dll+0x3c9fec]
V  [jvm.dll+0x3c6367]
V  [jvm.dll+0xfcdcf]
V  [jvm.dll+0x20a0bb]
V  [jvm.dll+0x238ae7]
V  [jvm.dll+0x162876]
C  [javaw.exe+0x2322]
C  [javaw.exe+0x16544]
C  [KERNEL32.DLL+0x1412]
C  [ntdll.dll+0x15504]


---------------  P R O C E S S  ---------------

Java Threads: ( => current thread )

Other Threads:

=>0x000000894ebfd000 (exited) JavaThread "Unknown thread" [_thread_in_vm, id=19892, stack(0x00000089503e0000,0x00000089504e0000)]

VM state:not at safepoint (normal execution)

VM Mutex/Monitor currently owned by a thread: None

heap address: 0x0000000081200000, size: 2030 MB, Compressed Oops mode: 32-bit
Narrow klass base: 0x0000000000000000, Narrow klass shift: 3
Compressed class space size: 1073741824 Address: 0x0000000100000000

Heap:
 PSYoungGen      total 38400K, used 665K [0x00000000d5b80000, 0x00000000d8600000, 0x0000000100000000)
  eden space 33280K, 2% used [0x00000000d5b80000,0x00000000d5c26670,0x00000000d7c00000)
  from space 5120K, 0% used [0x00000000d8100000,0x00000000d8100000,0x00000000d8600000)
  to   space 5120K, 0% used [0x00000000d7c00000,0x00000000d7c00000,0x00000000d8100000)
 ParOldGen       total 87552K, used 0K [0x0000000081200000, 0x0000000086780000, 0x00000000d5b80000)
  object space 87552K, 0% used [0x0000000081200000,0x0000000081200000,0x0000000086780000)
 Metaspace       used 792K, capacity 1156K, committed 1408K, reserved 1060864K
  class space    used 76K, capacity 384K, committed 384K, reserved 1048576K

Card table byte_map: [0x000000895f8b0000,0x000000895fcb0000] byte_map_base: 0x000000895f4a7000

Marking Bits: (ParMarkBitMap*) 0x0000000069527fe0
 Begin Bits: [0x0000008960360000, 0x0000008962318000)
 End Bits:   [0x0000008962318000, 0x00000089642d0000)

Polling page: 0x000000894eba0000

CodeCache: size=245760Kb used=328Kb max_used=328Kb free=245431Kb
 bounds [0x00000089504f0000, 0x0000008950760000, 0x000000895f4f0000]
 total_blobs=58 nmethods=0 adapters=38
 compilation: enabled

Compilation events (0 events):
No events

GC Heap History (0 events):
No events

Deoptimization events (0 events):
No events

Classes redefined (0 events):
No events

Internal exceptions (0 events):
No events

Events (10 events):
Event: 3.861 loading class java/lang/Short
Event: 3.861 loading class java/lang/Short done
Event: 3.861 loading class java/lang/Integer
Event: 3.862 loading class java/lang/Integer done
Event: 3.862 loading class java/lang/Long
Event: 3.863 loading class java/lang/Long done
Event: 3.865 loading class java/lang/NullPointerException
Event: 3.866 loading class java/lang/NullPointerException done
Event: 3.866 loading class java/lang/ArithmeticException
Event: 3.866 loading class java/lang/ArithmeticException done


Dynamic libraries:
0x00007ff786760000 - 0x00007ff7867a7000 	C:\Program Files\Java\jdk1.8.0_301\bin\javaw.exe
0x00007ff880b60000 - 0x00007ff880d0d000 	C:\Windows\SYSTEM32\ntdll.dll
0x00007ff87e730000 - 0x00007ff87e86f000 	C:\Windows\system32\KERNEL32.DLL
0x00007ff87e0c0000 - 0x00007ff87e1d4000 	C:\Windows\system32\KERNELBASE.dll
0x00007ff87bd10000 - 0x00007ff87bd9e000 	C:\Windows\system32\apphelp.dll
0x00007ff8692d0000 - 0x00007ff869325000 	C:\Windows\AppPatch\AppPatch64\AcGenral.DLL
0x00007ff8808c0000 - 0x00007ff88096a000 	C:\Windows\system32\msvcrt.dll
0x00007ff87e090000 - 0x00007ff87e0be000 	C:\Windows\system32\SspiCli.dll
0x00007ff880b00000 - 0x00007ff880b54000 	C:\Windows\system32\SHLWAPI.dll
0x00007ff87e4d0000 - 0x00007ff87e647000 	C:\Windows\system32\USER32.dll
0x00007ff8803e0000 - 0x00007ff880575000 	C:\Windows\system32\ole32.dll
0x00007ff87ebc0000 - 0x00007ff8800ef000 	C:\Windows\system32\SHELL32.dll
0x00007ff87cd90000 - 0x00007ff87cdb1000 	C:\Windows\SYSTEM32\USERENV.dll
0x00007ff87eb00000 - 0x00007ff87ebad000 	C:\Windows\system32\ADVAPI32.dll
0x00007ff8692b0000 - 0x00007ff8692ce000 	C:\Windows\SYSTEM32\MPR.dll
0x00007ff87e870000 - 0x00007ff87e9a5000 	C:\Windows\system32\RPCRT4.dll
0x00007ff880100000 - 0x00007ff88015b000 	C:\Windows\SYSTEM32\sechost.dll
0x00007ff87e2a0000 - 0x00007ff87e4b2000 	C:\Windows\SYSTEM32\combase.dll
0x00007ff87e9b0000 - 0x00007ff87eaff000 	C:\Windows\system32\GDI32.dll
0x00007ff87dbb0000 - 0x00007ff87dbc5000 	C:\Windows\SYSTEM32\profapi.dll
0x00007ff87d1f0000 - 0x00007ff87d2a2000 	C:\Windows\SYSTEM32\SHCORE.dll
0x00007ff87e6f0000 - 0x00007ff87e726000 	C:\Windows\system32\IMM32.DLL
0x00007ff880580000 - 0x00007ff8806d1000 	C:\Windows\system32\MSCTF.dll
0x00007ff87d650000 - 0x00007ff87d8cb000 	C:\Windows\WinSxS\amd64_microsoft.windows.common-controls_6595b64144ccf1df_6.0.9600.19394_none_62486577ecb635cf\COMCTL32.dll
0x00007ff8744a0000 - 0x00007ff8744b5000 	C:\Program Files\Java\jdk1.8.0_301\jre\bin\vcruntime140.dll
0x00007ff871060000 - 0x00007ff871064000 	C:\Windows\SYSTEM32\api-ms-win-crt-runtime-l1-1-0.dll
0x00007ff8701f0000 - 0x00007ff8701f3000 	C:\Windows\SYSTEM32\api-ms-win-crt-heap-l1-1-0.dll
0x00007ff8701a0000 - 0x00007ff8701a4000 	C:\Windows\SYSTEM32\api-ms-win-crt-string-l1-1-0.dll
0x00007ff8701d0000 - 0x00007ff8701d4000 	C:\Windows\SYSTEM32\api-ms-win-crt-stdio-l1-1-0.dll
0x00007ff870140000 - 0x00007ff870144000 	C:\Windows\SYSTEM32\api-ms-win-crt-convert-l1-1-0.dll
0x00007ff870030000 - 0x00007ff870124000 	C:\Windows\SYSTEM32\ucrtbase.DLL
0x00007ff863760000 - 0x00007ff8637fb000 	C:\Program Files\Java\jdk1.8.0_301\jre\bin\msvcp140.dll
0x00007ff870180000 - 0x00007ff870183000 	C:\Windows\SYSTEM32\api-ms-win-crt-locale-l1-1-0.dll
0x00007ff870190000 - 0x00007ff870195000 	C:\Windows\SYSTEM32\api-ms-win-crt-math-l1-1-0.dll
0x00007ff870160000 - 0x00007ff870163000 	C:\Windows\SYSTEM32\api-ms-win-crt-filesystem-l1-1-0.dll
0x00007ff870150000 - 0x00007ff870153000 	C:\Windows\SYSTEM32\api-ms-win-crt-time-l1-1-0.dll
0x00007ff8701e0000 - 0x00007ff8701e3000 	C:\Windows\SYSTEM32\api-ms-win-crt-environment-l1-1-0.dll
0x00007ff870130000 - 0x00007ff870133000 	C:\Windows\SYSTEM32\api-ms-win-crt-utility-l1-1-0.dll
0x0000000068d40000 - 0x00000000695a0000 	C:\Program Files\Java\jdk1.8.0_301\jre\bin\server\jvm.dll
0x00007ff86f850000 - 0x00007ff86f859000 	C:\Windows\SYSTEM32\WSOCK32.dll
0x00007ff878ac0000 - 0x00007ff878ae2000 	C:\Windows\SYSTEM32\WINMM.dll
0x00007ff87c390000 - 0x00007ff87c39a000 	C:\Windows\SYSTEM32\VERSION.dll
0x00007ff87e4c0000 - 0x00007ff87e4c7000 	C:\Windows\system32\PSAPI.DLL
0x00007ff880380000 - 0x00007ff8803da000 	C:\Windows\system32\WS2_32.dll
0x00007ff878570000 - 0x00007ff87859a000 	C:\Windows\SYSTEM32\WINMMBASE.dll
0x00007ff87e6c0000 - 0x00007ff87e6c9000 	C:\Windows\system32\NSI.dll
0x00007ff87dcd0000 - 0x00007ff87dd1f000 	C:\Windows\SYSTEM32\cfgmgr32.dll
0x00007ff87bf90000 - 0x00007ff87bfb8000 	C:\Windows\SYSTEM32\DEVOBJ.dll
0x00007ff87b410000 - 0x00007ff87b420000 	C:\Program Files\Java\jdk1.8.0_301\jre\bin\verify.dll
0x00007ff8712b0000 - 0x00007ff8712db000 	C:\Program Files\Java\jdk1.8.0_301\jre\bin\java.dll
0x00007ff870660000 - 0x00007ff870696000 	C:\Program Files\Java\jdk1.8.0_301\jre\bin\jdwp.dll
0x00007ff874ef0000 - 0x00007ff874ef9000 	C:\Program Files\Java\jdk1.8.0_301\jre\bin\npt.dll
0x00007ff8708a0000 - 0x00007ff8708d0000 	C:\Program Files\Java\jdk1.8.0_301\jre\bin\instrument.dll
0x00007ff871c30000 - 0x00007ff871c48000 	C:\Program Files\Java\jdk1.8.0_301\jre\bin\zip.dll
0x00007ff869590000 - 0x00007ff86971a000 	C:\Windows\SYSTEM32\dbghelp.dll

VM Arguments:
jvm_args: -agentlib:jdwp=transport=dt_socket,suspend=y,address=localhost:53665 -javaagent:C:\Users\HP\Documents\Shubham Software Testing\eclipse\configuration\org.eclipse.osgi\413\0\.cp\lib\javaagent-shaded.jar -Dfile.encoding=Cp1252 
java_command: hyderabad.practice.Day4DropDownValidate
java_class_path (initial): C:\Users\HP\eclipse-workspace\com.hyderabad.practice\bin;C:\Users\HP\Documents\Shubham Software Testing\eclipse\plugins\org.testng_7.4.0.r202105021533.jar;C:\Users\HP\Documents\Shubham Software Testing\eclipse\plugins\com.beust.jcommander_1.78.0.jar;C:\Users\HP\Documents\Shubham Software Testing\eclipse\plugins\org.apache-extras.beanshell.bsh_2.0.0.b6.jar;C:\Users\HP\Documents\Shubham Software Testing\eclipse\plugins\org.yaml.snakeyaml_1.21.0.jar;C:\Users\HP\Documents\Shubham Software Testing\eclipse\plugins\org.webjars.jquery_3.5.1.jar;C:\Users\HP\eclipse-workspace\selenium.jar\selenium-chrome-driver-4.8.0.jar;C:\Users\HP\Documents\Shubham Software Testing\eclipse\configuration\org.eclipse.osgi\413\0\.cp\lib\javaagent-shaded.jar
Launcher Type: SUN_STANDARD

Environment Variables:
JAVA_HOME=C:\Program Files\Java\jdk-16.0.2
PATH=C:\Program Files\Java\jdk1.8.0_301\jre\bin;C:/Program Files/Java/jdk-16.0.2/bin/server;C:/Program Files/Java/jdk-16.0.2/bin;C:\Program Files\Java\jdk-16.0.2\bin;C:\Program Files\nodejs\;C:\windows\system32;C:\Users\HP\AppData\Roaming\npm;C:\Users\HP\Documents\Shubham Software Testing\eclipse;
USERNAME=HP
OS=Windows_NT
PROCESSOR_IDENTIFIER=Intel64 Family 6 Model 61 Stepping 4, GenuineIntel



---------------  S Y S T E M  ---------------

OS: Windows 8.1 , 64 bit Build 9600 (6.3.9600.20778)

CPU:total 4 (initial active 4) (2 cores per cpu, 2 threads per core) family 6 model 61 stepping 4, cmov, cx8, fxsr, mmx, sse, sse2, sse3, ssse3, sse4.1, sse4.2, popcnt, avx, avx2, aes, clmul, erms, 3dnowpref, lzcnt, ht, tsc, tscinvbit, bmi1, bmi2, adx

Memory: 4k page, physical 8309008k(904080k free), swap 33474832k(437016k free)

vm_info: Java HotSpot(TM) 64-Bit Server VM (25.301-b09) for windows-amd64 JRE (1.8.0_301-b09), built on Jun  9 2021 06:46:21 by "java_re" with MS VC++ 15.9 (VS2017)

time: Thu Sep 28 12:11:41 2023
timezone: India Standard Time
elapsed time: 9.273013 seconds (0d 0h 0m 9s)

